0 info it worked if it ends with ok
1 verbose cli [ 'node', '/home/simon/node_modules/bin/npm', 'publish' ]
2 info using npm@1.3.13
3 info using node@v0.10.21
4 verbose publish [ '.' ]
5 verbose cache add [ '.', null ]
6 verbose cache add name=undefined spec="." args=[".",null]
7 verbose parsed url { protocol: null,
7 verbose parsed url   slashes: null,
7 verbose parsed url   auth: null,
7 verbose parsed url   host: null,
7 verbose parsed url   port: null,
7 verbose parsed url   hostname: null,
7 verbose parsed url   hash: null,
7 verbose parsed url   search: null,
7 verbose parsed url   query: null,
7 verbose parsed url   pathname: '.',
7 verbose parsed url   path: '.',
7 verbose parsed url   href: '.' }
8 silly lockFile 3a52ce78- .
9 verbose lock . /home/simon/.npm/3a52ce78-.lock
10 verbose tar pack [ '/home/simon/tmp/npm-6800-OlFw-WJB/1388109269725-0.4547755825333297/tmp.tgz',
10 verbose tar pack   '.' ]
11 verbose tarball /home/simon/tmp/npm-6800-OlFw-WJB/1388109269725-0.4547755825333297/tmp.tgz
12 verbose folder .
13 info prepublish json-file@0.1.0
14 silly lockFile 1f1177db-tar tar://.
15 verbose lock tar://. /home/simon/.npm/1f1177db-tar.lock
16 silly lockFile bd0b50ff-69725-0-4547755825333297-tmp-tgz tar:///home/simon/tmp/npm-6800-OlFw-WJB/1388109269725-0.4547755825333297/tmp.tgz
17 verbose lock tar:///home/simon/tmp/npm-6800-OlFw-WJB/1388109269725-0.4547755825333297/tmp.tgz /home/simon/.npm/bd0b50ff-69725-0-4547755825333297-tmp-tgz.lock
18 silly lockFile 1f1177db-tar tar://.
19 silly lockFile 1f1177db-tar tar://.
20 silly lockFile bd0b50ff-69725-0-4547755825333297-tmp-tgz tar:///home/simon/tmp/npm-6800-OlFw-WJB/1388109269725-0.4547755825333297/tmp.tgz
21 silly lockFile bd0b50ff-69725-0-4547755825333297-tmp-tgz tar:///home/simon/tmp/npm-6800-OlFw-WJB/1388109269725-0.4547755825333297/tmp.tgz
22 verbose tar unpack /home/simon/tmp/npm-6800-OlFw-WJB/1388109269725-0.4547755825333297/tmp.tgz
23 silly lockFile f847c724-69725-0-4547755825333297-package tar:///home/simon/tmp/npm-6800-OlFw-WJB/1388109269725-0.4547755825333297/package
24 verbose lock tar:///home/simon/tmp/npm-6800-OlFw-WJB/1388109269725-0.4547755825333297/package /home/simon/.npm/f847c724-69725-0-4547755825333297-package.lock
25 silly lockFile bd0b50ff-69725-0-4547755825333297-tmp-tgz tar:///home/simon/tmp/npm-6800-OlFw-WJB/1388109269725-0.4547755825333297/tmp.tgz
26 verbose lock tar:///home/simon/tmp/npm-6800-OlFw-WJB/1388109269725-0.4547755825333297/tmp.tgz /home/simon/.npm/bd0b50ff-69725-0-4547755825333297-tmp-tgz.lock
27 silly gunzTarPerm modes [ '755', '644' ]
28 silly gunzTarPerm extractEntry package.json
29 silly gunzTarPerm extractEntry .npmignore
30 silly gunzTarPerm extractEntry README.md
31 silly gunzTarPerm extractEntry Gruntfile.js
32 silly gunzTarPerm extractEntry docs/api.js
33 silly gunzTarPerm extractEntry docs/assets/css/external-small.png
34 silly gunzTarPerm extractEntry docs/assets/css/logo.png
35 silly gunzTarPerm extractEntry docs/assets/css/main.css
36 silly gunzTarPerm extractEntry docs/assets/favicon.png
37 silly gunzTarPerm extractEntry docs/assets/img/spinner.gif
38 silly gunzTarPerm extractEntry docs/assets/index.html
39 silly gunzTarPerm extractEntry docs/assets/js/api-filter.js
40 silly gunzTarPerm extractEntry docs/assets/js/api-list.js
41 silly gunzTarPerm extractEntry docs/assets/js/api-search.js
42 silly gunzTarPerm extractEntry docs/assets/js/apidocs.js
43 silly gunzTarPerm extractEntry docs/assets/js/yui-prettify.js
44 silly gunzTarPerm extractEntry docs/assets/vendor/prettify/prettify-min.js
45 silly gunzTarPerm extractEntry docs/assets/vendor/prettify/CHANGES.html
46 silly gunzTarPerm extractEntry docs/assets/vendor/prettify/COPYING
47 silly gunzTarPerm extractEntry docs/assets/vendor/prettify/README.html
48 silly gunzTarPerm extractEntry docs/assets/vendor/prettify/prettify-min.css
49 silly gunzTarPerm extractEntry docs/classes/index.html
50 silly gunzTarPerm extractEntry docs/data.json
51 silly gunzTarPerm extractEntry docs/files/index.html
52 silly gunzTarPerm extractEntry docs/files/src_json-file.js.html
53 silly gunzTarPerm extractEntry docs/index.html
54 silly gunzTarPerm extractEntry docs/modules/JsonFile.html
55 silly gunzTarPerm extractEntry docs/modules/index.html
56 silly gunzTarPerm extractEntry .editorconfig
57 silly gunzTarPerm extractEntry index.html
58 silly gunzTarPerm extractEntry src/json-file.js
59 silly gunzTarPerm extractEntry .jshintrc
60 silly gunzTarPerm extractEntry test/file.js
61 silly gunzTarPerm extractEntry test/plural.js
62 silly gunzTarPerm extractEntry test/tmp/data.json
63 silly lockFile f847c724-69725-0-4547755825333297-package tar:///home/simon/tmp/npm-6800-OlFw-WJB/1388109269725-0.4547755825333297/package
64 silly lockFile f847c724-69725-0-4547755825333297-package tar:///home/simon/tmp/npm-6800-OlFw-WJB/1388109269725-0.4547755825333297/package
65 silly lockFile bd0b50ff-69725-0-4547755825333297-tmp-tgz tar:///home/simon/tmp/npm-6800-OlFw-WJB/1388109269725-0.4547755825333297/tmp.tgz
66 silly lockFile bd0b50ff-69725-0-4547755825333297-tmp-tgz tar:///home/simon/tmp/npm-6800-OlFw-WJB/1388109269725-0.4547755825333297/tmp.tgz
67 verbose tar pack [ '/home/simon/.npm/json-file/0.1.0/package.tgz',
67 verbose tar pack   '/home/simon/tmp/npm-6800-OlFw-WJB/1388109269725-0.4547755825333297/package' ]
68 verbose tarball /home/simon/.npm/json-file/0.1.0/package.tgz
69 verbose folder /home/simon/tmp/npm-6800-OlFw-WJB/1388109269725-0.4547755825333297/package
70 silly lockFile f847c724-69725-0-4547755825333297-package tar:///home/simon/tmp/npm-6800-OlFw-WJB/1388109269725-0.4547755825333297/package
71 verbose lock tar:///home/simon/tmp/npm-6800-OlFw-WJB/1388109269725-0.4547755825333297/package /home/simon/.npm/f847c724-69725-0-4547755825333297-package.lock
72 silly lockFile 57636ff1--npm-json-file-0-1-0-package-tgz tar:///home/simon/.npm/json-file/0.1.0/package.tgz
73 verbose lock tar:///home/simon/.npm/json-file/0.1.0/package.tgz /home/simon/.npm/57636ff1--npm-json-file-0-1-0-package-tgz.lock
74 silly lockFile f847c724-69725-0-4547755825333297-package tar:///home/simon/tmp/npm-6800-OlFw-WJB/1388109269725-0.4547755825333297/package
75 silly lockFile f847c724-69725-0-4547755825333297-package tar:///home/simon/tmp/npm-6800-OlFw-WJB/1388109269725-0.4547755825333297/package
76 silly lockFile 57636ff1--npm-json-file-0-1-0-package-tgz tar:///home/simon/.npm/json-file/0.1.0/package.tgz
77 silly lockFile 57636ff1--npm-json-file-0-1-0-package-tgz tar:///home/simon/.npm/json-file/0.1.0/package.tgz
78 silly lockFile 7e69600e-imon-npm-json-file-0-1-0-package /home/simon/.npm/json-file/0.1.0/package
79 verbose lock /home/simon/.npm/json-file/0.1.0/package /home/simon/.npm/7e69600e-imon-npm-json-file-0-1-0-package.lock
80 silly lockFile 7e69600e-imon-npm-json-file-0-1-0-package /home/simon/.npm/json-file/0.1.0/package
81 silly lockFile 7e69600e-imon-npm-json-file-0-1-0-package /home/simon/.npm/json-file/0.1.0/package
82 verbose tar unpack /home/simon/.npm/json-file/0.1.0/package.tgz
83 silly lockFile ecc58ba8-imon-npm-json-file-0-1-0-package tar:///home/simon/.npm/json-file/0.1.0/package
84 verbose lock tar:///home/simon/.npm/json-file/0.1.0/package /home/simon/.npm/ecc58ba8-imon-npm-json-file-0-1-0-package.lock
85 silly lockFile 57636ff1--npm-json-file-0-1-0-package-tgz tar:///home/simon/.npm/json-file/0.1.0/package.tgz
86 verbose lock tar:///home/simon/.npm/json-file/0.1.0/package.tgz /home/simon/.npm/57636ff1--npm-json-file-0-1-0-package-tgz.lock
87 silly gunzTarPerm modes [ '755', '644' ]
88 silly gunzTarPerm extractEntry package.json
89 silly gunzTarPerm extractEntry .npmignore
90 silly gunzTarPerm extractEntry README.md
91 silly gunzTarPerm extractEntry Gruntfile.js
92 silly gunzTarPerm extractEntry .editorconfig
93 silly gunzTarPerm extractEntry .jshintrc
94 silly gunzTarPerm extractEntry docs/api.js
95 silly gunzTarPerm extractEntry docs/assets/css/external-small.png
96 silly gunzTarPerm extractEntry docs/assets/css/logo.png
97 silly gunzTarPerm extractEntry docs/assets/css/main.css
98 silly gunzTarPerm extractEntry docs/assets/favicon.png
99 silly gunzTarPerm extractEntry docs/assets/img/spinner.gif
100 silly gunzTarPerm extractEntry docs/assets/index.html
101 silly gunzTarPerm extractEntry docs/assets/js/api-filter.js
102 silly gunzTarPerm extractEntry docs/assets/js/api-list.js
103 silly gunzTarPerm extractEntry docs/assets/js/api-search.js
104 silly gunzTarPerm extractEntry docs/assets/js/apidocs.js
105 silly gunzTarPerm extractEntry docs/assets/js/yui-prettify.js
106 silly gunzTarPerm extractEntry docs/assets/vendor/prettify/prettify-min.js
107 silly gunzTarPerm extractEntry docs/assets/vendor/prettify/CHANGES.html
108 silly gunzTarPerm extractEntry docs/assets/vendor/prettify/COPYING
109 silly gunzTarPerm extractEntry docs/assets/vendor/prettify/README.html
110 silly gunzTarPerm extractEntry docs/assets/vendor/prettify/prettify-min.css
111 silly gunzTarPerm extractEntry docs/classes/index.html
112 silly gunzTarPerm extractEntry docs/data.json
113 silly gunzTarPerm extractEntry docs/files/index.html
114 silly gunzTarPerm extractEntry docs/files/src_json-file.js.html
115 silly gunzTarPerm extractEntry docs/index.html
116 silly gunzTarPerm extractEntry docs/modules/JsonFile.html
117 silly gunzTarPerm extractEntry docs/modules/index.html
118 silly gunzTarPerm extractEntry index.html
119 silly gunzTarPerm extractEntry src/json-file.js
120 silly gunzTarPerm extractEntry test/file.js
121 silly gunzTarPerm extractEntry test/plural.js
122 silly gunzTarPerm extractEntry test/tmp/data.json
123 silly lockFile ecc58ba8-imon-npm-json-file-0-1-0-package tar:///home/simon/.npm/json-file/0.1.0/package
124 silly lockFile ecc58ba8-imon-npm-json-file-0-1-0-package tar:///home/simon/.npm/json-file/0.1.0/package
125 silly lockFile 57636ff1--npm-json-file-0-1-0-package-tgz tar:///home/simon/.npm/json-file/0.1.0/package.tgz
126 silly lockFile 57636ff1--npm-json-file-0-1-0-package-tgz tar:///home/simon/.npm/json-file/0.1.0/package.tgz
127 verbose chmod /home/simon/.npm/json-file/0.1.0/package.tgz 644
128 verbose chown /home/simon/.npm/json-file/0.1.0/package.tgz [ 1000, 1000 ]
129 silly lockFile 3a52ce78- .
130 silly lockFile 3a52ce78- .
131 silly publish { name: 'json-file',
131 silly publish   main: './src/json-file',
131 silly publish   version: '0.1.0',
131 silly publish   description: 'Some module...',
131 silly publish   repository: { type: 'git', url: 'https://github.com//json-file.git' },
131 silly publish   dependencies: { lodash: '~2.4.1', 'file-object': '~0.2.1' },
131 silly publish   devDependencies:
131 silly publish    { grunt: '~0.4.2',
131 silly publish      'grunt-contrib-watch': '~0.5.3',
131 silly publish      'grunt-contrib-yuidoc': '~0.5.0',
131 silly publish      'grunt-contrib-jshint': '~0.7.2',
131 silly publish      should: '~2.1.0',
131 silly publish      mocha: '~1.15.0',
131 silly publish      'grunt-simple-mocha': '~0.4.0' },
131 silly publish   scripts: { test: 'mocha' },
131 silly publish   readme: '# json-file\n\nSome module...\n',
131 silly publish   readmeFilename: 'README.md',
131 silly publish   _id: 'json-file@0.1.0',
131 silly publish   dist: { shasum: 'aa4ae6bb22ea5c57cd887a26d828fd2d4ba83c4f' },
131 silly publish   _from: '.' }
132 verbose url raw json-file
133 verbose url resolving [ 'https://registry.npmjs.org/', './json-file' ]
134 verbose url resolved https://registry.npmjs.org/json-file
135 info trying registry request attempt 1 at 23:54:30
136 http PUT https://registry.npmjs.org/json-file
137 http 409 https://registry.npmjs.org/json-file
138 verbose url raw json-file
139 verbose url resolving [ 'https://registry.npmjs.org/', './json-file' ]
140 verbose url resolved https://registry.npmjs.org/json-file
141 info trying registry request attempt 1 at 23:54:31
142 http GET https://registry.npmjs.org/json-file
143 http 200 https://registry.npmjs.org/json-file
144 error publish fail Cannot publish over existing version.
144 error publish fail Update the 'version' field in package.json and try again.
144 error publish fail
144 error publish fail If the previous version was published in error, see:
144 error publish fail     npm help unpublish
144 error publish fail
144 error publish fail To automatically increment version numbers, see:
144 error publish fail     npm help version
145 error System Linux 3.11.0-14-generic-tuxonice
146 error command "node" "/home/simon/node_modules/bin/npm" "publish"
147 error cwd /home/simon/Desktop/code/node/json-file
148 error node -v v0.10.21
149 error npm -v 1.3.13
150 error code EPUBLISHCONFLICT
151 verbose exit [ 1, true ]
